<?xml version="1.0" encoding="UTF-8"?>
<testsuite xmlns:xsi="http://www.w3.org/2001/XMLSchema-instance" xsi:noNamespaceSchemaLocation="https://maven.apache.org/surefire/maven-surefire-plugin/xsd/surefire-test-report.xsd" name="com.rts.JenkinsDemo.TestWorkLog" time="0.001" tests="4" errors="0" skipped="0" failures="0">
  <properties>
[...]
</properties>
  <testcase name="testAddToLog1" classname="com.rts.JenkinsDemo.TestWorkLog" time="0"/>
  <testcase name="testAddToLog2" classname="com.rts.JenkinsDemo.TestWorkLog" time="0"/>
  <testcase name="testAddLogins1" classname="com.rts.JenkinsDemo.TestWorkLog" time="0"/>
  <testcase name="testAddLogins2" classname="com.rts.JenkinsDemo.TestWorkLog" time="0.001"/>
</testsuite>